<?xml version="1.0" encoding="UTF-8"?>
<testsuite name="Test" tests="2" skipped="0" failures="0" errors="0" timestamp="2025-05-25T09:06:33.998Z" hostname="isrxdlnxd038" time="0.028">
  <properties/>
  <testcase name="testNegative" classname="Test" time="0.016"/>
  <testcase name="testLargeNumber" classname="Test" time="0.003"/>
  <system-out><![CDATA[]]></system-out>
  <system-err><![CDATA[]]></system-err>
</testsuite>
