<?xml version="1.0" encoding="UTF-8"?>
<testsuite name="TestRangeTo" tests="3" skipped="0" failures="0" errors="0" timestamp="2025-05-25T11:39:43.199Z" hostname="isrxdlnxd038" time="0.014">
  <properties/>
  <testcase name="testAfter" classname="TestRangeTo" time="0.008"/>
  <testcase name="testBefore" classname="TestRangeTo" time="0.002"/>
  <testcase name="testInRange" classname="TestRangeTo" time="0.002"/>
  <system-out><![CDATA[]]></system-out>
  <system-err><![CDATA[]]></system-err>
</testsuite>
