<?xml version="1.0" encoding="UTF-8"?>
<testsuite name="TestOperatorsOverloading" tests="3" skipped="0" failures="0" errors="0" timestamp="2025-05-25T13:20:46.684Z" hostname="isrxdlnxd038" time="0.016">
  <properties/>
  <testcase name="testOneMonth" classname="TestOperatorsOverloading" time="0.007"/>
  <testcase name="testAddOneTimeInterval" classname="TestOperatorsOverloading" time="0.002"/>
  <testcase name="testMonthChange" classname="TestOperatorsOverloading" time="0.006"/>
  <system-out><![CDATA[]]></system-out>
  <system-err><![CDATA[]]></system-err>
</testsuite>
