<?xml version="1.0" encoding="UTF-8"?>
<testsuite name="TestSealedClasses" tests="3" skipped="0" failures="0" errors="0" timestamp="2025-05-25T11:10:00.642Z" hostname="isrxdlnxd038" time="0.016">
  <properties/>
  <testcase name="testNum" classname="TestSealedClasses" time="0.005"/>
  <testcase name="testSum" classname="TestSealedClasses" time="0.003"/>
  <testcase name="testRecursion" classname="TestSealedClasses" time="0.005"/>
  <system-out><![CDATA[]]></system-out>
  <system-err><![CDATA[]]></system-err>
</testsuite>
