<?xml version="1.0" encoding="UTF-8"?>
<testsuite name="TestStart" tests="1" skipped="0" failures="0" errors="0" timestamp="2025-05-21T12:33:46.926Z" hostname="isrxdlnxd038" time="0.007">
  <properties/>
  <testcase name="testOk" classname="TestStart" time="0.007"/>
  <system-out><![CDATA[]]></system-out>
  <system-err><![CDATA[]]></system-err>
</testsuite>
