<?xml version="1.0" encoding="UTF-8"?>
<testsuite name="TestExtensionFunctions" tests="2" skipped="0" failures="0" errors="0" timestamp="2025-05-25T11:19:17.832Z" hostname="isrxdlnxd038" time="0.012">
  <properties/>
  <testcase name="testPairExtension" classname="TestExtensionFunctions" time="0.007"/>
  <testcase name="testIntExtension" classname="TestExtensionFunctions" time="0.003"/>
  <system-out><![CDATA[]]></system-out>
  <system-err><![CDATA[]]></system-err>
</testsuite>
