<?xml version="1.0" encoding="UTF-8"?>
<testsuite name="TestNamedArguments" tests="1" skipped="0" failures="0" errors="0" timestamp="2025-05-21T12:37:58.476Z" hostname="isrxdlnxd038" time="0.04">
  <properties/>
  <testcase name="testJoinToString" classname="TestNamedArguments" time="0.04"/>
  <system-out><![CDATA[]]></system-out>
  <system-err><![CDATA[]]></system-err>
</testsuite>
