<?xml version="1.0" encoding="UTF-8"?>
<testsuite name="Test" tests="1" skipped="0" failures="0" errors="0" timestamp="2025-05-25T11:11:24.114Z" hostname="isrxdlnxd038" time="0.036">
  <properties/>
  <testcase name="testRandom" classname="Test" time="0.036"/>
  <system-out><![CDATA[]]></system-out>
  <system-err><![CDATA[]]></system-err>
</testsuite>
