<?xml version="1.0" encoding="UTF-8"?>
<testsuite name="TestDataClasses" tests="2" skipped="0" failures="0" errors="0" timestamp="2025-05-25T11:02:58.867Z" hostname="isrxdlnxd038" time="0.035">
  <properties/>
  <testcase name="testComparePeople" classname="TestDataClasses" time="0.007"/>
  <testcase name="testListOfPeople" classname="TestDataClasses" time="0.025"/>
  <system-out><![CDATA[]]></system-out>
  <system-err><![CDATA[]]></system-err>
</testsuite>
