<?xml version="1.0" encoding="UTF-8"?>
<testsuite name="TestComparison" tests="3" skipped="0" failures="0" errors="0" timestamp="2025-05-25T11:35:04.771Z" hostname="isrxdlnxd038" time="0.011">
  <properties/>
  <testcase name="testAfter" classname="TestComparison" time="0.006"/>
  <testcase name="testSame" classname="TestComparison" time="0.003"/>
  <testcase name="testBefore" classname="TestComparison" time="0.001"/>
  <system-out><![CDATA[]]></system-out>
  <system-err><![CDATA[]]></system-err>
</testsuite>
