<?xml version="1.0" encoding="UTF-8"?>
<testsuite name="TestForLoop" tests="2" skipped="0" failures="0" errors="0" timestamp="2025-05-25T12:35:14.902Z" hostname="isrxdlnxd038" time="0.024">
  <properties/>
  <testcase name="testIterateOverDateRange" classname="TestForLoop" time="0.02"/>
  <testcase name="testIterateOverEmptyRange" classname="TestForLoop" time="0.002"/>
  <system-out><![CDATA[]]></system-out>
  <system-err><![CDATA[]]></system-err>
</testsuite>
